[INFO  - 2017-04-03T00:47:39.147Z] GhostDriver - Main - running on port 51136
[INFO  - 2017-04-03T00:47:39.491Z] Session [2357be00-1807-11e7-8dc0-4f5c73a184b4] - page.settings - {"XSSAuditingEnabled":false,"javascriptCanCloseWindows":true,"javascriptCanOpenWindows":true,"javascriptEnabled":true,"loadImages":true,"localToRemoteUrlAccessEnabled":false,"userAgent":"Mozilla/5.0 (Macintosh; Intel Mac OS X) AppleWebKit/538.1 (KHTML, like Gecko) PhantomJS/2.1.1 Safari/538.1","webSecurityEnabled":true}
[INFO  - 2017-04-03T00:47:39.491Z] Session [2357be00-1807-11e7-8dc0-4f5c73a184b4] - page.customHeaders:  - {}
[INFO  - 2017-04-03T00:47:39.492Z] Session [2357be00-1807-11e7-8dc0-4f5c73a184b4] - Session.negotiatedCapabilities - {"browserName":"phantomjs","version":"2.1.1","driverName":"ghostdriver","driverVersion":"1.2.0","platform":"mac-unknown-64bit","javascriptEnabled":true,"takesScreenshot":true,"handlesAlerts":false,"databaseEnabled":false,"locationContextEnabled":false,"applicationCacheEnabled":false,"browserConnectionEnabled":false,"cssSelectorsEnabled":true,"webStorageEnabled":false,"rotatable":false,"acceptSslCerts":false,"nativeEvents":true,"proxy":{"proxyType":"direct"},"phantomjs.page.settings.loadImages":true}
[INFO  - 2017-04-03T00:47:39.492Z] SessionManagerReqHand - _postNewSessionCommand - New Session Created: 2357be00-1807-11e7-8dc0-4f5c73a184b4
[ERROR - 2017-04-03T00:47:43.545Z] Session [2357be00-1807-11e7-8dc0-4f5c73a184b4] - page.onError - msg: Moment Timezone found undefined from the Intl api, but did not have that data loaded.

  phantomjs://platform/console++.js:263 in error
[ERROR - 2017-04-03T00:47:43.545Z] Session [2357be00-1807-11e7-8dc0-4f5c73a184b4] - page.onError - stack:
  logError (https://d3njjcbhbojbot.cloudfront.net/web/md5/bundles/ondemand/startApp.sub.rjsBundle.5427230988ea6ca5554c377353e1ce6b.6.js:183)

  phantomjs://platform/console++.js:263 in error
[ERROR - 2017-04-03T00:47:45.803Z] Session [2357be00-1807-11e7-8dc0-4f5c73a184b4] - page.onError - msg: VIDEOJS: ERROR: (CODE:4 MEDIA_ERR_SRC_NOT_SUPPORTED) No compatible source was found for this media. [object Object]

  phantomjs://platform/console++.js:263 in error
[ERROR - 2017-04-03T00:47:45.803Z] Session [2357be00-1807-11e7-8dc0-4f5c73a184b4] - page.onError - stack:
  _logType (https://d3njjcbhbojbot.cloudfront.net/web/md5/bundles/ondemand/startApp.sub.rjsBundle.5427230988ea6ca5554c377353e1ce6b.6.js:1430)

  phantomjs://platform/console++.js:263 in error
[ERROR - 2017-04-03T00:47:45.803Z] Session [2357be00-1807-11e7-8dc0-4f5c73a184b4] - page.onError - msg: Attempted to get source for resolution, but server responded with an error

  phantomjs://platform/console++.js:263 in error
[ERROR - 2017-04-03T00:47:45.803Z] Session [2357be00-1807-11e7-8dc0-4f5c73a184b4] - page.onError - stack:
  error (https://d3njjcbhbojbot.cloudfront.net/web/md5/js/app/preloader.r.rjsBundle.325c79159bf126cf02b831e3e301b374.6.js:2)

  phantomjs://platform/console++.js:263 in error
